<?xml version="1.0" encoding="UTF-8"?>
<coverage generated="1761033087100" clover="3.2.0">
  <project timestamp="1761033087100" name="All files">
    <metrics statements="163" coveredstatements="159" conditionals="113" coveredconditionals="94" methods="61" coveredmethods="57" elements="337" coveredelements="310" complexity="0" loc="163" ncloc="163" packages="3" files="6" classes="6"/>
    <package name="src">
      <metrics statements="4" coveredstatements="0" conditionals="0" coveredconditionals="0" methods="1" coveredmethods="0"/>
      <file name="App.tsx" path="F:\IT 2.0\FE\Salesdock Project\sales_cart\src\App.tsx">
        <metrics statements="4" coveredstatements="0" conditionals="0" coveredconditionals="0" methods="1" coveredmethods="0"/>
        <line num="2" count="0" type="stmt"/>
        <line num="4" count="0" type="stmt"/>
        <line num="5" count="0" type="stmt"/>
        <line num="7" count="0" type="stmt"/>
      </file>
    </package>
    <package name="src.components">
      <metrics statements="142" coveredstatements="142" conditionals="100" coveredconditionals="84" methods="49" coveredmethods="46"/>
      <file name="AddDiscountDialog.tsx" path="F:\IT 2.0\FE\Salesdock Project\sales_cart\src\components\AddDiscountDialog.tsx">
        <metrics statements="34" coveredstatements="34" conditionals="26" coveredconditionals="24" methods="9" coveredmethods="9"/>
        <line num="2" count="2" type="stmt"/>
        <line num="3" count="2" type="stmt"/>
        <line num="18" count="2" type="stmt"/>
        <line num="21" count="2" type="stmt"/>
        <line num="38" count="2" type="stmt"/>
        <line num="39" count="76" type="stmt"/>
        <line num="40" count="76" type="stmt"/>
        <line num="41" count="76" type="stmt"/>
        <line num="42" count="76" type="stmt"/>
        <line num="43" count="76" type="stmt"/>
        <line num="44" count="76" type="stmt"/>
        <line num="46" count="76" type="stmt"/>
        <line num="47" count="10" type="cond" truecount="2" falsecount="0"/>
        <line num="48" count="5" type="stmt"/>
        <line num="49" count="5" type="stmt"/>
        <line num="50" count="5" type="stmt"/>
        <line num="51" count="5" type="stmt"/>
        <line num="52" count="5" type="stmt"/>
        <line num="53" count="5" type="stmt"/>
        <line num="57" count="76" type="stmt"/>
        <line num="58" count="1" type="stmt"/>
        <line num="59" count="1" type="stmt"/>
        <line num="60" count="1" type="stmt"/>
        <line num="63" count="76" type="stmt"/>
        <line num="64" count="3" type="stmt"/>
        <line num="65" count="3" type="cond" truecount="3" falsecount="1"/>
        <line num="67" count="3" type="stmt"/>
        <line num="81" count="3" type="stmt"/>
        <line num="84" count="76" type="stmt"/>
        <line num="96" count="4" type="cond" truecount="2" falsecount="0"/>
        <line num="133" count="7" type="stmt"/>
        <line num="144" count="1" type="stmt"/>
        <line num="153" count="30" type="stmt"/>
        <line num="160" count="18" type="stmt"/>
      </file>
      <file name="DeleteDiscountDialog.tsx" path="F:\IT 2.0\FE\Salesdock Project\sales_cart\src\components\DeleteDiscountDialog.tsx">
        <metrics statements="6" coveredstatements="6" conditionals="0" coveredconditionals="0" methods="1" coveredmethods="1"/>
        <line num="1" count="2" type="stmt"/>
        <line num="10" count="2" type="stmt"/>
        <line num="11" count="2" type="stmt"/>
        <line num="19" count="2" type="stmt"/>
        <line num="20" count="13" type="stmt"/>
        <line num="51" count="2" type="stmt"/>
      </file>
      <file name="EditDiscountDialog.tsx" path="F:\IT 2.0\FE\Salesdock Project\sales_cart\src\components\EditDiscountDialog.tsx">
        <metrics statements="36" coveredstatements="36" conditionals="40" coveredconditionals="35" methods="9" coveredmethods="9"/>
        <line num="2" count="2" type="stmt"/>
        <line num="3" count="2" type="stmt"/>
        <line num="19" count="2" type="stmt"/>
        <line num="20" count="2" type="stmt"/>
        <line num="48" count="2" type="stmt"/>
        <line num="54" count="63" type="stmt"/>
        <line num="55" count="63" type="stmt"/>
        <line num="56" count="63" type="stmt"/>
        <line num="57" count="63" type="stmt"/>
        <line num="58" count="63" type="stmt"/>
        <line num="59" count="63" type="stmt"/>
        <line num="62" count="63" type="stmt"/>
        <line num="63" count="9" type="cond" truecount="4" falsecount="0"/>
        <line num="64" count="4" type="stmt"/>
        <line num="65" count="4" type="stmt"/>
        <line num="66" count="4" type="stmt"/>
        <line num="67" count="4" type="stmt"/>
        <line num="72" count="4" type="cond" truecount="2" falsecount="0"/>
        <line num="73" count="4" type="cond" truecount="2" falsecount="0"/>
        <line num="77" count="63" type="stmt"/>
        <line num="78" count="1" type="stmt"/>
        <line num="80" count="1" type="cond" truecount="1" falsecount="1"/>
        <line num="81" count="1" type="cond" truecount="1" falsecount="1"/>
        <line num="82" count="1" type="stmt"/>
        <line num="83" count="1" type="cond" truecount="1" falsecount="1"/>
        <line num="86" count="63" type="stmt"/>
        <line num="87" count="3" type="stmt"/>
        <line num="88" count="3" type="cond" truecount="3" falsecount="1"/>
        <line num="90" count="3" type="stmt"/>
        <line num="104" count="3" type="stmt"/>
        <line num="107" count="63" type="stmt"/>
        <line num="119" count="2" type="cond" truecount="2" falsecount="0"/>
        <line num="157" count="4" type="stmt"/>
        <line num="168" count="2" type="stmt"/>
        <line num="177" count="21" type="stmt"/>
        <line num="184" count="16" type="stmt"/>
      </file>
      <file name="SalesCartContainer.tsx" path="F:\IT 2.0\FE\Salesdock Project\sales_cart\src\components\SalesCartContainer.tsx">
        <metrics statements="66" coveredstatements="66" conditionals="34" coveredconditionals="25" methods="30" coveredmethods="27"/>
        <line num="1" count="1" type="stmt"/>
        <line num="2" count="1" type="stmt"/>
        <line num="3" count="1" type="stmt"/>
        <line num="4" count="1" type="stmt"/>
        <line num="5" count="1" type="stmt"/>
        <line num="6" count="1" type="stmt"/>
        <line num="7" count="1" type="stmt"/>
        <line num="8" count="1" type="stmt"/>
        <line num="9" count="1" type="stmt"/>
        <line num="10" count="1" type="stmt"/>
        <line num="12" count="1" type="stmt"/>
        <line num="16" count="1" type="stmt"/>
        <line num="19" count="1" type="stmt"/>
        <line num="21" count="1" type="stmt"/>
        <line num="23" count="1" type="stmt"/>
        <line num="24" count="1" type="stmt"/>
        <line num="27" count="1" type="stmt"/>
        <line num="28" count="1" type="stmt"/>
        <line num="30" count="1" type="stmt"/>
        <line num="34" count="63" type="stmt"/>
        <line num="36" count="1" type="stmt"/>
        <line num="38" count="11" type="stmt"/>
        <line num="59" count="11" type="stmt"/>
        <line num="60" count="11" type="stmt"/>
        <line num="61" count="11" type="stmt"/>
        <line num="62" count="11" type="stmt"/>
        <line num="63" count="1" type="stmt"/>
        <line num="73" count="1" type="stmt"/>
        <line num="74" count="1" type="stmt"/>
        <line num="78" count="11" type="stmt"/>
        <line num="79" count="11" type="stmt"/>
        <line num="80" count="1" type="stmt"/>
        <line num="81" count="1" type="cond" truecount="1" falsecount="1"/>
        <line num="83" count="11" type="stmt"/>
        <line num="84" count="11" type="stmt"/>
        <line num="85" count="1" type="cond" truecount="1" falsecount="1"/>
        <line num="86" count="1" type="stmt"/>
        <line num="87" count="1" type="stmt"/>
        <line num="88" count="2" type="cond" truecount="2" falsecount="0"/>
        <line num="101" count="1" type="stmt"/>
        <line num="105" count="11" type="stmt"/>
        <line num="106" count="11" type="stmt"/>
        <line num="107" count="11" type="stmt"/>
        <line num="108" count="11" type="stmt"/>
        <line num="109" count="1" type="cond" truecount="1" falsecount="1"/>
        <line num="110" count="2" type="stmt"/>
        <line num="111" count="1" type="stmt"/>
        <line num="115" count="11" type="stmt"/>
        <line num="116" count="2" type="cond" truecount="2" falsecount="0"/>
        <line num="120" count="11" type="stmt"/>
        <line num="121" count="8" type="stmt"/>
        <line num="125" count="11" type="stmt"/>
        <line num="126" count="8" type="stmt"/>
        <line num="131" count="11" type="stmt"/>
        <line num="133" count="22" type="cond" truecount="2" falsecount="0"/>
        <line num="135" count="22" type="cond" truecount="2" falsecount="0"/>
        <line num="140" count="22" type="stmt"/>
        <line num="143" count="11" type="stmt"/>
        <line num="169" count="22" type="stmt"/>
        <line num="182" count="1" type="stmt"/>
        <line num="188" count="1" type="stmt"/>
        <line num="195" count="1" type="stmt"/>
        <line num="245" count="22" type="cond" truecount="2" falsecount="0"/>
        <line num="247" count="12" type="stmt"/>
        <line num="272" count="9" type="stmt"/>
        <line num="333" count="1" type="stmt"/>
      </file>
    </package>
    <package name="src.utils">
      <metrics statements="17" coveredstatements="17" conditionals="13" coveredconditionals="10" methods="11" coveredmethods="11"/>
      <file name="pricing.ts" path="F:\IT 2.0\FE\Salesdock Project\sales_cart\src\utils\pricing.ts">
        <metrics statements="17" coveredstatements="17" conditionals="13" coveredconditionals="10" methods="11" coveredmethods="11"/>
        <line num="16" count="1" type="stmt"/>
        <line num="17" count="16" type="cond" truecount="1" falsecount="1"/>
        <line num="18" count="16" type="cond" truecount="2" falsecount="0"/>
        <line num="19" count="10" type="stmt"/>
        <line num="22" count="1" type="stmt"/>
        <line num="23" count="16" type="cond" truecount="2" falsecount="0"/>
        <line num="24" count="8" type="stmt"/>
        <line num="25" count="8" type="stmt"/>
        <line num="36" count="1" type="stmt"/>
        <line num="41" count="16" type="cond" truecount="2" falsecount="0"/>
        <line num="42" count="9" type="stmt"/>
        <line num="43" count="9" type="cond" truecount="2" falsecount="0"/>
        <line num="45" count="8" type="cond" truecount="1" falsecount="1"/>
        <line num="46" count="8" type="stmt"/>
        <line num="49" count="8" type="stmt"/>
        <line num="51" count="9" type="stmt"/>
        <line num="53" count="8" type="stmt"/>
      </file>
    </package>
  </project>
</coverage>
