{"F:\\IT 2.0\\FE\\Salesdock Project\\sales_cart\\src\\App.tsx": {"path":"F:\\IT 2.0\\FE\\Salesdock Project\\sales_cart\\src\\App.tsx","statementMap":{"0":{"start":{"line":2,"column":0},"end":{"line":2,"column":65}},"1":{"start":{"line":4,"column":12},"end":{"line":6,"column":1}},"2":{"start":{"line":5,"column":2},"end":{"line":5,"column":32}},"3":{"start":{"line":7,"column":0},"end":{"line":7,"column":19}}},"fnMap":{"0":{"name":"(anonymous_1)","decl":{"start":{"line":4,"column":12},"end":{"line":4,"column":15}},"loc":{"start":{"line":4,"column":17},"end":{"line":6,"column":1}}}},"branchMap":{},"s":{"0":0,"1":0,"2":0,"3":0},"f":{"0":0},"b":{}}
,"F:\\IT 2.0\\FE\\Salesdock Project\\sales_cart\\src\\components\\AddDiscountDialog.tsx": {"path":"F:\\IT 2.0\\FE\\Salesdock Project\\sales_cart\\src\\components\\AddDiscountDialog.tsx","statementMap":{"0":{"start":{"line":38,"column":0},"end":{"line":38,"column":24}},"1":{"start":{"line":2,"column":0},"end":{"line":2,"column":51}},"2":{"start":{"line":3,"column":0},"end":{"line":3,"column":null}},"3":{"start":{"line":18,"column":0},"end":{"line":18,"column":72}},"4":{"start":{"line":21,"column":0},"end":{"line":21,"column":40}},"5":{"start":{"line":39,"column":28},"end":{"line":39,"column":71}},"6":{"start":{"line":40,"column":26},"end":{"line":40,"column":67}},"7":{"start":{"line":41,"column":26},"end":{"line":41,"column":53}},"8":{"start":{"line":42,"column":38},"end":{"line":42,"column":58}},"9":{"start":{"line":43,"column":34},"end":{"line":43,"column":54}},"10":{"start":{"line":44,"column":40},"end":{"line":44,"column":52}},"11":{"start":{"line":46,"column":2},"end":{"line":55,"column":13}},"12":{"start":{"line":47,"column":4},"end":{"line":54,"column":5}},"13":{"start":{"line":48,"column":6},"end":{"line":48,"column":26}},"14":{"start":{"line":49,"column":6},"end":{"line":49,"column":25}},"15":{"start":{"line":50,"column":6},"end":{"line":50,"column":33}},"16":{"start":{"line":51,"column":6},"end":{"line":51,"column":24}},"17":{"start":{"line":52,"column":6},"end":{"line":52,"column":22}},"18":{"start":{"line":53,"column":6},"end":{"line":53,"column":25}},"19":{"start":{"line":57,"column":27},"end":{"line":61,"column":3}},"20":{"start":{"line":58,"column":14},"end":{"line":58,"column":52}},"21":{"start":{"line":59,"column":4},"end":{"line":59,"column":15}},"22":{"start":{"line":60,"column":4},"end":{"line":60,"column":22}},"23":{"start":{"line":63,"column":20},"end":{"line":82,"column":3}},"24":{"start":{"line":64,"column":19},"end":{"line":64,"column":37}},"25":{"start":{"line":65,"column":4},"end":{"line":65,"column":52}},"26":{"start":{"line":65,"column":45},"end":{"line":65,"column":52}},"27":{"start":{"line":67,"column":40},"end":{"line":80,"column":6}},"28":{"start":{"line":81,"column":4},"end":{"line":81,"column":19}},"29":{"start":{"line":84,"column":2},"end":{"line":174,"column":4}},"30":{"start":{"line":96,"column":32},"end":{"line":96,"column":52}},"31":{"start":{"line":133,"column":29},"end":{"line":133,"column":58}},"32":{"start":{"line":144,"column":29},"end":{"line":144,"column":56}},"33":{"start":{"line":153,"column":27},"end":{"line":153,"column":57}},"34":{"start":{"line":160,"column":27},"end":{"line":160,"column":50}}},"fnMap":{"0":{"name":"AddDiscountDialog","decl":{"start":{"line":38,"column":24},"end":{"line":38,"column":41}},"loc":{"start":{"line":38,"column":73},"end":{"line":175,"column":1}}},"1":{"name":"(anonymous_2)","decl":{"start":{"line":46,"column":12},"end":{"line":46,"column":15}},"loc":{"start":{"line":46,"column":17},"end":{"line":55,"column":3}}},"2":{"name":"(anonymous_3)","decl":{"start":{"line":57,"column":27},"end":{"line":57,"column":28}},"loc":{"start":{"line":57,"column":52},"end":{"line":61,"column":3}}},"3":{"name":"(anonymous_4)","decl":{"start":{"line":63,"column":20},"end":{"line":63,"column":23}},"loc":{"start":{"line":63,"column":25},"end":{"line":82,"column":3}}},"4":{"name":"(anonymous_5)","decl":{"start":{"line":96,"column":20},"end":{"line":96,"column":21}},"loc":{"start":{"line":96,"column":32},"end":{"line":96,"column":52}}},"5":{"name":"(anonymous_6)","decl":{"start":{"line":133,"column":22},"end":{"line":133,"column":23}},"loc":{"start":{"line":133,"column":29},"end":{"line":133,"column":58}}},"6":{"name":"(anonymous_7)","decl":{"start":{"line":144,"column":22},"end":{"line":144,"column":23}},"loc":{"start":{"line":144,"column":29},"end":{"line":144,"column":56}}},"7":{"name":"(anonymous_8)","decl":{"start":{"line":153,"column":20},"end":{"line":153,"column":21}},"loc":{"start":{"line":153,"column":27},"end":{"line":153,"column":57}}},"8":{"name":"(anonymous_9)","decl":{"start":{"line":160,"column":20},"end":{"line":160,"column":21}},"loc":{"start":{"line":160,"column":27},"end":{"line":160,"column":50}}}},"branchMap":{"0":{"loc":{"start":{"line":47,"column":4},"end":{"line":54,"column":5}},"type":"if","locations":[{"start":{"line":47,"column":4},"end":{"line":54,"column":5}},{"start":{},"end":{}}]},"1":{"loc":{"start":{"line":65,"column":4},"end":{"line":65,"column":52}},"type":"if","locations":[{"start":{"line":65,"column":4},"end":{"line":65,"column":52}},{"start":{},"end":{}}]},"2":{"loc":{"start":{"line":65,"column":8},"end":{"line":65,"column":43}},"type":"binary-expr","locations":[{"start":{"line":65,"column":8},"end":{"line":65,"column":28}},{"start":{"line":65,"column":32},"end":{"line":65,"column":43}}]},"3":{"loc":{"start":{"line":68,"column":12},"end":{"line":68,"column":44}},"type":"binary-expr","locations":[{"start":{"line":68,"column":12},"end":{"line":68,"column":23}},{"start":{"line":68,"column":27},"end":{"line":68,"column":44}}]},"4":{"loc":{"start":{"line":72,"column":8},"end":{"line":74,"column":36}},"type":"cond-expr","locations":[{"start":{"line":73,"column":12},"end":{"line":73,"column":45}},{"start":{"line":74,"column":12},"end":{"line":74,"column":36}}]},"5":{"loc":{"start":{"line":75,"column":19},"end":{"line":75,"column":50}},"type":"binary-expr","locations":[{"start":{"line":75,"column":19},"end":{"line":75,"column":37}},{"start":{"line":75,"column":41},"end":{"line":75,"column":50}}]},"6":{"loc":{"start":{"line":77,"column":8},"end":{"line":79,"column":21}},"type":"cond-expr","locations":[{"start":{"line":78,"column":12},"end":{"line":78,"column":53}},{"start":{"line":79,"column":12},"end":{"line":79,"column":21}}]},"7":{"loc":{"start":{"line":77,"column":8},"end":{"line":77,"column":39}},"type":"binary-expr","locations":[{"start":{"line":77,"column":8},"end":{"line":77,"column":27}},{"start":{"line":77,"column":31},"end":{"line":77,"column":39}}]},"8":{"loc":{"start":{"line":96,"column":32},"end":{"line":96,"column":52}},"type":"binary-expr","locations":[{"start":{"line":96,"column":32},"end":{"line":96,"column":35}},{"start":{"line":96,"column":39},"end":{"line":96,"column":52}}]},"9":{"loc":{"start":{"line":101,"column":13},"end":{"line":102,"column":null}},"type":"binary-expr","locations":[{"start":{"line":101,"column":13},"end":{"line":101,"column":33}},{"start":{"line":102,"column":14},"end":{"line":102,"column":76}}]},"10":{"loc":{"start":{"line":108,"column":13},"end":{"line":109,"column":null}},"type":"binary-expr","locations":[{"start":{"line":108,"column":13},"end":{"line":108,"column":32}},{"start":{"line":109,"column":14},"end":{"line":109,"column":76}}]},"11":{"loc":{"start":{"line":130,"column":19},"end":{"line":130,"column":71}},"type":"cond-expr","locations":[{"start":{"line":130,"column":40},"end":{"line":130,"column":54}},{"start":{"line":130,"column":57},"end":{"line":130,"column":71}}]},"12":{"loc":{"start":{"line":138,"column":9},"end":{"line":147,"column":null}},"type":"binary-expr","locations":[{"start":{"line":138,"column":9},"end":{"line":138,"column":28}},{"start":{"line":139,"column":10},"end":{"line":146,"column":null}}]}},"s":{"0":2,"1":2,"2":2,"3":2,"4":2,"5":76,"6":76,"7":76,"8":76,"9":76,"10":76,"11":76,"12":10,"13":5,"14":5,"15":5,"16":5,"17":5,"18":5,"19":76,"20":1,"21":1,"22":1,"23":76,"24":3,"25":3,"26":0,"27":3,"28":3,"29":76,"30":4,"31":7,"32":1,"33":30,"34":18},"f":{"0":76,"1":10,"2":1,"3":3,"4":4,"5":7,"6":1,"7":30,"8":18},"b":{"0":[5,5],"1":[0,3],"2":[3,3],"3":[3,0],"4":[2,1],"5":[3,2],"6":[1,2],"7":[3,2],"8":[4,3],"9":[76,6],"10":[76,70],"11":[72,4],"12":[76,70]}}
,"F:\\IT 2.0\\FE\\Salesdock Project\\sales_cart\\src\\components\\DeleteDiscountDialog.tsx": {"path":"F:\\IT 2.0\\FE\\Salesdock Project\\sales_cart\\src\\components\\DeleteDiscountDialog.tsx","statementMap":{"0":{"start":{"line":1,"column":0},"end":{"line":1,"column":null}},"1":{"start":{"line":10,"column":0},"end":{"line":10,"column":50}},"2":{"start":{"line":11,"column":0},"end":{"line":11,"column":43}},"3":{"start":{"line":19,"column":29},"end":{"line":49,"column":1}},"4":{"start":{"line":20,"column":2},"end":{"line":48,"column":4}},"5":{"start":{"line":51,"column":0},"end":{"line":51,"column":36}}},"fnMap":{"0":{"name":"(anonymous_1)","decl":{"start":{"line":19,"column":29},"end":{"line":19,"column":30}},"loc":{"start":{"line":19,"column":69},"end":{"line":49,"column":1}}}},"branchMap":{},"s":{"0":2,"1":2,"2":2,"3":2,"4":13,"5":2},"f":{"0":13},"b":{}}
,"F:\\IT 2.0\\FE\\Salesdock Project\\sales_cart\\src\\components\\EditDiscountDialog.tsx": {"path":"F:\\IT 2.0\\FE\\Salesdock Project\\sales_cart\\src\\components\\EditDiscountDialog.tsx","statementMap":{"0":{"start":{"line":48,"column":0},"end":{"line":48,"column":24}},"1":{"start":{"line":2,"column":0},"end":{"line":2,"column":51}},"2":{"start":{"line":3,"column":0},"end":{"line":3,"column":null}},"3":{"start":{"line":19,"column":0},"end":{"line":19,"column":40}},"4":{"start":{"line":20,"column":0},"end":{"line":20,"column":57}},"5":{"start":{"line":54,"column":28},"end":{"line":54,"column":71}},"6":{"start":{"line":55,"column":26},"end":{"line":55,"column":67}},"7":{"start":{"line":56,"column":26},"end":{"line":56,"column":53}},"8":{"start":{"line":57,"column":38},"end":{"line":57,"column":58}},"9":{"start":{"line":58,"column":34},"end":{"line":58,"column":54}},"10":{"start":{"line":59,"column":40},"end":{"line":59,"column":52}},"11":{"start":{"line":62,"column":2},"end":{"line":75,"column":22}},"12":{"start":{"line":63,"column":4},"end":{"line":74,"column":5}},"13":{"start":{"line":64,"column":6},"end":{"line":64,"column":30}},"14":{"start":{"line":65,"column":6},"end":{"line":65,"column":28}},"15":{"start":{"line":66,"column":6},"end":{"line":66,"column":28}},"16":{"start":{"line":67,"column":6},"end":{"line":71,"column":8}},"17":{"start":{"line":72,"column":6},"end":{"line":72,"column":68}},"18":{"start":{"line":73,"column":6},"end":{"line":73,"column":48}},"19":{"start":{"line":77,"column":27},"end":{"line":84,"column":3}},"20":{"start":{"line":78,"column":14},"end":{"line":78,"column":52}},"21":{"start":{"line":80,"column":20},"end":{"line":80,"column":43}},"22":{"start":{"line":81,"column":17},"end":{"line":81,"column":52}},"23":{"start":{"line":82,"column":4},"end":{"line":82,"column":15}},"24":{"start":{"line":83,"column":4},"end":{"line":83,"column":44}},"25":{"start":{"line":86,"column":21},"end":{"line":105,"column":3}},"26":{"start":{"line":87,"column":19},"end":{"line":87,"column":37}},"27":{"start":{"line":88,"column":4},"end":{"line":88,"column":52}},"28":{"start":{"line":88,"column":45},"end":{"line":88,"column":52}},"29":{"start":{"line":90,"column":41},"end":{"line":103,"column":6}},"30":{"start":{"line":104,"column":4},"end":{"line":104,"column":20}},"31":{"start":{"line":107,"column":2},"end":{"line":198,"column":4}},"32":{"start":{"line":119,"column":32},"end":{"line":119,"column":52}},"33":{"start":{"line":157,"column":29},"end":{"line":157,"column":58}},"34":{"start":{"line":168,"column":29},"end":{"line":168,"column":56}},"35":{"start":{"line":177,"column":27},"end":{"line":177,"column":57}},"36":{"start":{"line":184,"column":27},"end":{"line":184,"column":50}}},"fnMap":{"0":{"name":"EditDiscountDialog","decl":{"start":{"line":48,"column":24},"end":{"line":48,"column":42}},"loc":{"start":{"line":53,"column":8},"end":{"line":199,"column":1}}},"1":{"name":"(anonymous_1)","decl":{"start":{"line":62,"column":12},"end":{"line":62,"column":15}},"loc":{"start":{"line":62,"column":17},"end":{"line":75,"column":3}}},"2":{"name":"(anonymous_2)","decl":{"start":{"line":77,"column":27},"end":{"line":77,"column":28}},"loc":{"start":{"line":77,"column":52},"end":{"line":84,"column":3}}},"3":{"name":"(anonymous_3)","decl":{"start":{"line":86,"column":21},"end":{"line":86,"column":24}},"loc":{"start":{"line":86,"column":26},"end":{"line":105,"column":3}}},"4":{"name":"(anonymous_4)","decl":{"start":{"line":119,"column":20},"end":{"line":119,"column":21}},"loc":{"start":{"line":119,"column":32},"end":{"line":119,"column":52}}},"5":{"name":"(anonymous_5)","decl":{"start":{"line":157,"column":22},"end":{"line":157,"column":23}},"loc":{"start":{"line":157,"column":29},"end":{"line":157,"column":58}}},"6":{"name":"(anonymous_6)","decl":{"start":{"line":168,"column":22},"end":{"line":168,"column":23}},"loc":{"start":{"line":168,"column":29},"end":{"line":168,"column":56}}},"7":{"name":"(anonymous_7)","decl":{"start":{"line":177,"column":20},"end":{"line":177,"column":21}},"loc":{"start":{"line":177,"column":27},"end":{"line":177,"column":57}}},"8":{"name":"(anonymous_8)","decl":{"start":{"line":184,"column":20},"end":{"line":184,"column":21}},"loc":{"start":{"line":184,"column":27},"end":{"line":184,"column":50}}}},"branchMap":{"0":{"loc":{"start":{"line":63,"column":4},"end":{"line":74,"column":5}},"type":"if","locations":[{"start":{"line":63,"column":4},"end":{"line":74,"column":5}},{"start":{},"end":{}}]},"1":{"loc":{"start":{"line":63,"column":8},"end":{"line":63,"column":23}},"type":"binary-expr","locations":[{"start":{"line":63,"column":8},"end":{"line":63,"column":12}},{"start":{"line":63,"column":16},"end":{"line":63,"column":23}}]},"2":{"loc":{"start":{"line":68,"column":8},"end":{"line":70,"column":39}},"type":"cond-expr","locations":[{"start":{"line":69,"column":12},"end":{"line":69,"column":33}},{"start":{"line":70,"column":12},"end":{"line":70,"column":39}}]},"3":{"loc":{"start":{"line":72,"column":18},"end":{"line":72,"column":66}},"type":"cond-expr","locations":[{"start":{"line":72,"column":37},"end":{"line":72,"column":61}},{"start":{"line":72,"column":64},"end":{"line":72,"column":66}}]},"4":{"loc":{"start":{"line":73,"column":21},"end":{"line":73,"column":46}},"type":"binary-expr","locations":[{"start":{"line":73,"column":21},"end":{"line":73,"column":40}},{"start":{"line":73,"column":44},"end":{"line":73,"column":46}}]},"5":{"loc":{"start":{"line":80,"column":20},"end":{"line":80,"column":43}},"type":"binary-expr","locations":[{"start":{"line":80,"column":20},"end":{"line":80,"column":38}},{"start":{"line":80,"column":42},"end":{"line":80,"column":43}}]},"6":{"loc":{"start":{"line":81,"column":17},"end":{"line":81,"column":52}},"type":"cond-expr","locations":[{"start":{"line":81,"column":35},"end":{"line":81,"column":42}},{"start":{"line":81,"column":45},"end":{"line":81,"column":52}}]},"7":{"loc":{"start":{"line":83,"column":18},"end":{"line":83,"column":42}},"type":"cond-expr","locations":[{"start":{"line":83,"column":25},"end":{"line":83,"column":37}},{"start":{"line":83,"column":40},"end":{"line":83,"column":42}}]},"8":{"loc":{"start":{"line":88,"column":4},"end":{"line":88,"column":52}},"type":"if","locations":[{"start":{"line":88,"column":4},"end":{"line":88,"column":52}},{"start":{},"end":{}}]},"9":{"loc":{"start":{"line":88,"column":8},"end":{"line":88,"column":43}},"type":"binary-expr","locations":[{"start":{"line":88,"column":8},"end":{"line":88,"column":28}},{"start":{"line":88,"column":32},"end":{"line":88,"column":43}}]},"10":{"loc":{"start":{"line":91,"column":12},"end":{"line":91,"column":44}},"type":"binary-expr","locations":[{"start":{"line":91,"column":12},"end":{"line":91,"column":23}},{"start":{"line":91,"column":27},"end":{"line":91,"column":44}}]},"11":{"loc":{"start":{"line":95,"column":8},"end":{"line":97,"column":36}},"type":"cond-expr","locations":[{"start":{"line":96,"column":12},"end":{"line":96,"column":45}},{"start":{"line":97,"column":12},"end":{"line":97,"column":36}}]},"12":{"loc":{"start":{"line":98,"column":19},"end":{"line":98,"column":50}},"type":"binary-expr","locations":[{"start":{"line":98,"column":19},"end":{"line":98,"column":37}},{"start":{"line":98,"column":41},"end":{"line":98,"column":50}}]},"13":{"loc":{"start":{"line":100,"column":8},"end":{"line":102,"column":21}},"type":"cond-expr","locations":[{"start":{"line":101,"column":12},"end":{"line":101,"column":53}},{"start":{"line":102,"column":12},"end":{"line":102,"column":21}}]},"14":{"loc":{"start":{"line":100,"column":8},"end":{"line":100,"column":39}},"type":"binary-expr","locations":[{"start":{"line":100,"column":8},"end":{"line":100,"column":27}},{"start":{"line":100,"column":31},"end":{"line":100,"column":39}}]},"15":{"loc":{"start":{"line":119,"column":32},"end":{"line":119,"column":52}},"type":"binary-expr","locations":[{"start":{"line":119,"column":32},"end":{"line":119,"column":35}},{"start":{"line":119,"column":39},"end":{"line":119,"column":52}}]},"16":{"loc":{"start":{"line":124,"column":13},"end":{"line":125,"column":null}},"type":"binary-expr","locations":[{"start":{"line":124,"column":13},"end":{"line":124,"column":33}},{"start":{"line":125,"column":14},"end":{"line":125,"column":76}}]},"17":{"loc":{"start":{"line":131,"column":13},"end":{"line":132,"column":null}},"type":"binary-expr","locations":[{"start":{"line":131,"column":13},"end":{"line":131,"column":32}},{"start":{"line":132,"column":14},"end":{"line":132,"column":76}}]},"18":{"loc":{"start":{"line":154,"column":19},"end":{"line":154,"column":71}},"type":"cond-expr","locations":[{"start":{"line":154,"column":40},"end":{"line":154,"column":54}},{"start":{"line":154,"column":57},"end":{"line":154,"column":71}}]},"19":{"loc":{"start":{"line":162,"column":9},"end":{"line":171,"column":null}},"type":"binary-expr","locations":[{"start":{"line":162,"column":9},"end":{"line":162,"column":28}},{"start":{"line":163,"column":10},"end":{"line":170,"column":null}}]}},"s":{"0":2,"1":2,"2":2,"3":2,"4":2,"5":63,"6":63,"7":63,"8":63,"9":63,"10":63,"11":63,"12":9,"13":4,"14":4,"15":4,"16":4,"17":4,"18":4,"19":63,"20":1,"21":1,"22":1,"23":1,"24":1,"25":63,"26":3,"27":3,"28":0,"29":3,"30":3,"31":63,"32":2,"33":4,"34":2,"35":21,"36":16},"f":{"0":63,"1":9,"2":1,"3":3,"4":2,"5":4,"6":2,"7":21,"8":16},"b":{"0":[4,5],"1":[9,4],"2":[3,1],"3":[3,1],"4":[4,1],"5":[1,0],"6":[0,1],"7":[1,0],"8":[0,3],"9":[3,3],"10":[3,0],"11":[1,2],"12":[3,1],"13":[1,2],"14":[3,1],"15":[2,1],"16":[63,24],"17":[63,39],"18":[40,23],"19":[63,39]}}
,"F:\\IT 2.0\\FE\\Salesdock Project\\sales_cart\\src\\components\\SalesCartContainer.tsx": {"path":"F:\\IT 2.0\\FE\\Salesdock Project\\sales_cart\\src\\components\\SalesCartContainer.tsx","statementMap":{"0":{"start":{"line":1,"column":0},"end":{"line":1,"column":48}},"1":{"start":{"line":2,"column":0},"end":{"line":2,"column":36}},"2":{"start":{"line":3,"column":0},"end":{"line":3,"column":40}},"3":{"start":{"line":4,"column":0},"end":{"line":4,"column":50}},"4":{"start":{"line":5,"column":0},"end":{"line":5,"column":42}},"5":{"start":{"line":6,"column":0},"end":{"line":6,"column":44}},"6":{"start":{"line":7,"column":0},"end":{"line":7,"column":50}},"7":{"start":{"line":8,"column":0},"end":{"line":8,"column":42}},"8":{"start":{"line":9,"column":0},"end":{"line":9,"column":60}},"9":{"start":{"line":10,"column":0},"end":{"line":10,"column":62}},"10":{"start":{"line":12,"column":0},"end":{"line":12,"column":41}},"11":{"start":{"line":16,"column":0},"end":{"line":16,"column":66}},"12":{"start":{"line":19,"column":0},"end":{"line":19,"column":52}},"13":{"start":{"line":21,"column":0},"end":{"line":21,"column":54}},"14":{"start":{"line":23,"column":0},"end":{"line":23,"column":58}},"15":{"start":{"line":24,"column":0},"end":{"line":24,"column":42}},"16":{"start":{"line":27,"column":22},"end":{"line":27,"column":30}},"17":{"start":{"line":28,"column":21},"end":{"line":28,"column":28}},"18":{"start":{"line":30,"column":12},"end":{"line":33,"column":2}},"19":{"start":{"line":34,"column":14},"end":{"line":34,"column":56}},"20":{"start":{"line":34,"column":33},"end":{"line":34,"column":56}},"21":{"start":{"line":36,"column":27},"end":{"line":331,"column":1}},"22":{"start":{"line":38,"column":36},"end":{"line":56,"column":4}},"23":{"start":{"line":59,"column":34},"end":{"line":59,"column":49}},"24":{"start":{"line":60,"column":18},"end":{"line":60,"column":40}},"25":{"start":{"line":60,"column":24},"end":{"line":60,"column":40}},"26":{"start":{"line":61,"column":19},"end":{"line":61,"column":42}},"27":{"start":{"line":61,"column":25},"end":{"line":61,"column":42}},"28":{"start":{"line":62,"column":20},"end":{"line":75,"column":3}},"29":{"start":{"line":63,"column":30},"end":{"line":72,"column":6}},"30":{"start":{"line":73,"column":4},"end":{"line":73,"column":41}},"31":{"start":{"line":73,"column":24},"end":{"line":73,"column":39}},"32":{"start":{"line":74,"column":4},"end":{"line":74,"column":22}},"33":{"start":{"line":78,"column":32},"end":{"line":78,"column":63}},"34":{"start":{"line":79,"column":19},"end":{"line":82,"column":3}},"35":{"start":{"line":80,"column":14},"end":{"line":80,"column":48}},"36":{"start":{"line":80,"column":36},"end":{"line":80,"column":47}},"37":{"start":{"line":81,"column":4},"end":{"line":81,"column":25}},"38":{"start":{"line":81,"column":11},"end":{"line":81,"column":25}},"39":{"start":{"line":83,"column":20},"end":{"line":83,"column":42}},"40":{"start":{"line":83,"column":26},"end":{"line":83,"column":42}},"41":{"start":{"line":84,"column":25},"end":{"line":102,"column":3}},"42":{"start":{"line":85,"column":4},"end":{"line":85,"column":25}},"43":{"start":{"line":85,"column":18},"end":{"line":85,"column":25}},"44":{"start":{"line":86,"column":4},"end":{"line":100,"column":6}},"45":{"start":{"line":87,"column":6},"end":{"line":98,"column":null}},"46":{"start":{"line":88,"column":8},"end":{"line":98,"column":13}},"47":{"start":{"line":101,"column":4},"end":{"line":101,"column":21}},"48":{"start":{"line":105,"column":34},"end":{"line":105,"column":63}},"49":{"start":{"line":106,"column":21},"end":{"line":106,"column":52}},"50":{"start":{"line":106,"column":37},"end":{"line":106,"column":52}},"51":{"start":{"line":107,"column":22},"end":{"line":107,"column":45}},"52":{"start":{"line":107,"column":28},"end":{"line":107,"column":45}},"53":{"start":{"line":108,"column":24},"end":{"line":112,"column":3}},"54":{"start":{"line":109,"column":4},"end":{"line":109,"column":26}},"55":{"start":{"line":109,"column":19},"end":{"line":109,"column":26}},"56":{"start":{"line":110,"column":4},"end":{"line":110,"column":62}},"57":{"start":{"line":110,"column":25},"end":{"line":110,"column":60}},"58":{"start":{"line":110,"column":42},"end":{"line":110,"column":59}},"59":{"start":{"line":111,"column":4},"end":{"line":111,"column":22}},"60":{"start":{"line":115,"column":23},"end":{"line":117,"column":3}},"61":{"start":{"line":116,"column":4},"end":{"line":116,"column":77}},"62":{"start":{"line":116,"column":24},"end":{"line":116,"column":75}},"63":{"start":{"line":116,"column":38},"end":{"line":116,"column":73}},"64":{"start":{"line":120,"column":24},"end":{"line":122,"column":null}},"65":{"start":{"line":121,"column":10},"end":{"line":121,"column":50}},"66":{"start":{"line":125,"column":24},"end":{"line":127,"column":null}},"67":{"start":{"line":126,"column":10},"end":{"line":126,"column":53}},"68":{"start":{"line":131,"column":22},"end":{"line":141,"column":3}},"69":{"start":{"line":133,"column":6},"end":{"line":133,"column":67}},"70":{"start":{"line":135,"column":6},"end":{"line":139,"column":19}},"71":{"start":{"line":140,"column":4},"end":{"line":140,"column":39}},"72":{"start":{"line":143,"column":2},"end":{"line":330,"column":4}},"73":{"start":{"line":169,"column":20},"end":{"line":169,"column":35}},"74":{"start":{"line":182,"column":48},"end":{"line":182,"column":69}},"75":{"start":{"line":188,"column":43},"end":{"line":188,"column":57}},"76":{"start":{"line":195,"column":43},"end":{"line":195,"column":59}},"77":{"start":{"line":245,"column":33},"end":{"line":245,"column":67}},"78":{"start":{"line":247,"column":20},"end":{"line":247,"column":36}},"79":{"start":{"line":272,"column":18},"end":{"line":272,"column":46}},"80":{"start":{"line":333,"column":0},"end":{"line":333,"column":34}}},"fnMap":{"0":{"name":"(anonymous_1)","decl":{"start":{"line":34,"column":14},"end":{"line":34,"column":15}},"loc":{"start":{"line":34,"column":33},"end":{"line":34,"column":56}}},"1":{"name":"(anonymous_2)","decl":{"start":{"line":36,"column":27},"end":{"line":36,"column":30}},"loc":{"start":{"line":36,"column":32},"end":{"line":331,"column":1}}},"2":{"name":"(anonymous_3)","decl":{"start":{"line":60,"column":18},"end":{"line":60,"column":21}},"loc":{"start":{"line":60,"column":24},"end":{"line":60,"column":40}}},"3":{"name":"(anonymous_4)","decl":{"start":{"line":61,"column":19},"end":{"line":61,"column":22}},"loc":{"start":{"line":61,"column":25},"end":{"line":61,"column":42}}},"4":{"name":"(anonymous_5)","decl":{"start":{"line":62,"column":20},"end":{"line":62,"column":21}},"loc":{"start":{"line":62,"column":46},"end":{"line":75,"column":3}}},"5":{"name":"(anonymous_6)","decl":{"start":{"line":73,"column":17},"end":{"line":73,"column":18}},"loc":{"start":{"line":73,"column":24},"end":{"line":73,"column":39}}},"6":{"name":"(anonymous_7)","decl":{"start":{"line":79,"column":19},"end":{"line":79,"column":20}},"loc":{"start":{"line":79,"column":34},"end":{"line":82,"column":3}}},"7":{"name":"(anonymous_8)","decl":{"start":{"line":80,"column":29},"end":{"line":80,"column":30}},"loc":{"start":{"line":80,"column":36},"end":{"line":80,"column":47}}},"8":{"name":"(anonymous_9)","decl":{"start":{"line":83,"column":20},"end":{"line":83,"column":23}},"loc":{"start":{"line":83,"column":26},"end":{"line":83,"column":42}}},"9":{"name":"(anonymous_10)","decl":{"start":{"line":84,"column":25},"end":{"line":84,"column":26}},"loc":{"start":{"line":84,"column":52},"end":{"line":102,"column":3}}},"10":{"name":"(anonymous_11)","decl":{"start":{"line":86,"column":17},"end":{"line":86,"column":18}},"loc":{"start":{"line":87,"column":6},"end":{"line":98,"column":null}}},"11":{"name":"(anonymous_12)","decl":{"start":{"line":87,"column":13},"end":{"line":87,"column":14}},"loc":{"start":{"line":88,"column":8},"end":{"line":98,"column":13}}},"12":{"name":"(anonymous_13)","decl":{"start":{"line":106,"column":21},"end":{"line":106,"column":22}},"loc":{"start":{"line":106,"column":37},"end":{"line":106,"column":52}}},"13":{"name":"(anonymous_14)","decl":{"start":{"line":107,"column":22},"end":{"line":107,"column":25}},"loc":{"start":{"line":107,"column":28},"end":{"line":107,"column":45}}},"14":{"name":"(anonymous_15)","decl":{"start":{"line":108,"column":24},"end":{"line":108,"column":27}},"loc":{"start":{"line":108,"column":29},"end":{"line":112,"column":3}}},"15":{"name":"(anonymous_16)","decl":{"start":{"line":110,"column":17},"end":{"line":110,"column":18}},"loc":{"start":{"line":110,"column":25},"end":{"line":110,"column":60}}},"16":{"name":"(anonymous_17)","decl":{"start":{"line":110,"column":35},"end":{"line":110,"column":36}},"loc":{"start":{"line":110,"column":42},"end":{"line":110,"column":59}}},"17":{"name":"(anonymous_18)","decl":{"start":{"line":115,"column":23},"end":{"line":115,"column":24}},"loc":{"start":{"line":115,"column":56},"end":{"line":117,"column":3}}},"18":{"name":"(anonymous_19)","decl":{"start":{"line":116,"column":17},"end":{"line":116,"column":18}},"loc":{"start":{"line":116,"column":24},"end":{"line":116,"column":75}}},"19":{"name":"(anonymous_20)","decl":{"start":{"line":116,"column":30},"end":{"line":116,"column":31}},"loc":{"start":{"line":116,"column":38},"end":{"line":116,"column":73}}},"20":{"name":"(anonymous_21)","decl":{"start":{"line":121,"column":4},"end":{"line":121,"column":7}},"loc":{"start":{"line":121,"column":10},"end":{"line":121,"column":50}}},"21":{"name":"(anonymous_22)","decl":{"start":{"line":126,"column":4},"end":{"line":126,"column":7}},"loc":{"start":{"line":126,"column":10},"end":{"line":126,"column":53}}},"22":{"name":"(anonymous_23)","decl":{"start":{"line":131,"column":22},"end":{"line":131,"column":23}},"loc":{"start":{"line":131,"column":38},"end":{"line":141,"column":3}}},"23":{"name":"(anonymous_24)","decl":{"start":{"line":168,"column":33},"end":{"line":168,"column":34}},"loc":{"start":{"line":169,"column":20},"end":{"line":169,"column":35}}},"24":{"name":"(anonymous_25)","decl":{"start":{"line":182,"column":38},"end":{"line":182,"column":39}},"loc":{"start":{"line":182,"column":48},"end":{"line":182,"column":69}}},"25":{"name":"(anonymous_26)","decl":{"start":{"line":188,"column":37},"end":{"line":188,"column":40}},"loc":{"start":{"line":188,"column":43},"end":{"line":188,"column":57}}},"26":{"name":"(anonymous_27)","decl":{"start":{"line":195,"column":37},"end":{"line":195,"column":40}},"loc":{"start":{"line":195,"column":43},"end":{"line":195,"column":59}}},"27":{"name":"(anonymous_28)","decl":{"start":{"line":245,"column":26},"end":{"line":245,"column":27}},"loc":{"start":{"line":245,"column":33},"end":{"line":245,"column":67}}},"28":{"name":"(anonymous_29)","decl":{"start":{"line":246,"column":23},"end":{"line":246,"column":24}},"loc":{"start":{"line":247,"column":20},"end":{"line":247,"column":36}}},"29":{"name":"(anonymous_30)","decl":{"start":{"line":271,"column":42},"end":{"line":271,"column":43}},"loc":{"start":{"line":272,"column":18},"end":{"line":272,"column":46}}}},"branchMap":{"0":{"loc":{"start":{"line":70,"column":22},"end":{"line":70,"column":68}},"type":"cond-expr","locations":[{"start":{"line":70,"column":46},"end":{"line":70,"column":56}},{"start":{"line":70,"column":59},"end":{"line":70,"column":68}}]},"1":{"loc":{"start":{"line":81,"column":4},"end":{"line":81,"column":25}},"type":"if","locations":[{"start":{"line":81,"column":4},"end":{"line":81,"column":25}},{"start":{},"end":{}}]},"2":{"loc":{"start":{"line":85,"column":4},"end":{"line":85,"column":25}},"type":"if","locations":[{"start":{"line":85,"column":4},"end":{"line":85,"column":25}},{"start":{},"end":{}}]},"3":{"loc":{"start":{"line":88,"column":8},"end":{"line":98,"column":13}},"type":"cond-expr","locations":[{"start":{"line":89,"column":12},"end":{"line":97,"column":null}},{"start":{"line":98,"column":12},"end":{"line":98,"column":13}}]},"4":{"loc":{"start":{"line":95,"column":30},"end":{"line":95,"column":76}},"type":"cond-expr","locations":[{"start":{"line":95,"column":54},"end":{"line":95,"column":64}},{"start":{"line":95,"column":67},"end":{"line":95,"column":76}}]},"5":{"loc":{"start":{"line":109,"column":4},"end":{"line":109,"column":26}},"type":"if","locations":[{"start":{"line":109,"column":4},"end":{"line":109,"column":26}},{"start":{},"end":{}}]},"6":{"loc":{"start":{"line":116,"column":38},"end":{"line":116,"column":73}},"type":"cond-expr","locations":[{"start":{"line":116,"column":52},"end":{"line":116,"column":69}},{"start":{"line":116,"column":72},"end":{"line":116,"column":73}}]},"7":{"loc":{"start":{"line":133,"column":6},"end":{"line":133,"column":67}},"type":"cond-expr","locations":[{"start":{"line":133,"column":28},"end":{"line":133,"column":49}},{"start":{"line":133,"column":52},"end":{"line":133,"column":67}}]},"8":{"loc":{"start":{"line":135,"column":6},"end":{"line":139,"column":19}},"type":"cond-expr","locations":[{"start":{"line":136,"column":10},"end":{"line":136,"column":20}},{"start":{"line":137,"column":10},"end":{"line":139,"column":19}}]},"9":{"loc":{"start":{"line":137,"column":10},"end":{"line":139,"column":19}},"type":"cond-expr","locations":[{"start":{"line":138,"column":10},"end":{"line":138,"column":54}},{"start":{"line":139,"column":10},"end":{"line":139,"column":19}}]},"10":{"loc":{"start":{"line":225,"column":19},"end":{"line":239,"column":null}},"type":"cond-expr","locations":[{"start":{"line":226,"column":20},"end":{"line":234,"column":null}},{"start":{"line":237,"column":20},"end":{"line":238,"column":null}}]},"11":{"loc":{"start":{"line":245,"column":33},"end":{"line":245,"column":67}},"type":"binary-expr","locations":[{"start":{"line":245,"column":33},"end":{"line":245,"column":42}},{"start":{"line":245,"column":46},"end":{"line":245,"column":67}}]},"12":{"loc":{"start":{"line":250,"column":25},"end":{"line":252,"column":30}},"type":"cond-expr","locations":[{"start":{"line":251,"column":28},"end":{"line":251,"column":65}},{"start":{"line":252,"column":28},"end":{"line":252,"column":30}}]},"13":{"loc":{"start":{"line":255,"column":25},"end":{"line":257,"column":43}},"type":"cond-expr","locations":[{"start":{"line":256,"column":28},"end":{"line":256,"column":49}},{"start":{"line":257,"column":28},"end":{"line":257,"column":43}}]},"14":{"loc":{"start":{"line":274,"column":23},"end":{"line":276,"column":44}},"type":"cond-expr","locations":[{"start":{"line":275,"column":26},"end":{"line":275,"column":43}},{"start":{"line":276,"column":26},"end":{"line":276,"column":44}}]},"15":{"loc":{"start":{"line":279,"column":23},"end":{"line":281,"column":41}},"type":"cond-expr","locations":[{"start":{"line":280,"column":26},"end":{"line":280,"column":47}},{"start":{"line":281,"column":26},"end":{"line":281,"column":41}}]},"16":{"loc":{"start":{"line":308,"column":10},"end":{"line":318,"column":18}},"type":"cond-expr","locations":[{"start":{"line":309,"column":14},"end":{"line":317,"column":null}},{"start":{"line":318,"column":14},"end":{"line":318,"column":18}}]}},"s":{"0":1,"1":1,"2":1,"3":1,"4":1,"5":1,"6":1,"7":1,"8":1,"9":1,"10":1,"11":1,"12":1,"13":1,"14":1,"15":1,"16":1,"17":1,"18":1,"19":1,"20":63,"21":1,"22":11,"23":11,"24":11,"25":1,"26":11,"27":0,"28":11,"29":1,"30":1,"31":1,"32":1,"33":11,"34":11,"35":1,"36":1,"37":1,"38":1,"39":11,"40":0,"41":11,"42":1,"43":0,"44":1,"45":1,"46":2,"47":1,"48":11,"49":11,"50":1,"51":11,"52":0,"53":11,"54":1,"55":0,"56":1,"57":1,"58":2,"59":1,"60":11,"61":1,"62":1,"63":2,"64":11,"65":8,"66":11,"67":8,"68":11,"69":22,"70":22,"71":22,"72":11,"73":22,"74":1,"75":1,"76":1,"77":22,"78":12,"79":9,"80":1},"f":{"0":63,"1":11,"2":1,"3":0,"4":1,"5":1,"6":1,"7":1,"8":0,"9":1,"10":1,"11":2,"12":1,"13":0,"14":1,"15":1,"16":2,"17":1,"18":1,"19":2,"20":8,"21":8,"22":22,"23":22,"24":1,"25":1,"26":1,"27":22,"28":12,"29":9},"b":{"0":[1,0],"1":[1,0],"2":[0,1],"3":[1,1],"4":[0,1],"5":[0,1],"6":[1,1],"7":[10,12],"8":[10,12],"9":[11,1],"10":[11,0],"11":[22,21],"12":[11,1],"13":[0,12],"14":[9,0],"15":[9,0],"16":[1,10]}}
,"F:\\IT 2.0\\FE\\Salesdock Project\\sales_cart\\src\\utils\\pricing.ts": {"path":"F:\\IT 2.0\\FE\\Salesdock Project\\sales_cart\\src\\utils\\pricing.ts","statementMap":{"0":{"start":{"line":16,"column":0},"end":{"line":16,"column":16}},"1":{"start":{"line":22,"column":0},"end":{"line":22,"column":16}},"2":{"start":{"line":36,"column":0},"end":{"line":36,"column":16}},"3":{"start":{"line":17,"column":2},"end":{"line":17,"column":30}},"4":{"start":{"line":17,"column":18},"end":{"line":17,"column":30}},"5":{"start":{"line":18,"column":2},"end":{"line":18,"column":62}},"6":{"start":{"line":18,"column":27},"end":{"line":18,"column":62}},"7":{"start":{"line":19,"column":2},"end":{"line":19,"column":61}},"8":{"start":{"line":23,"column":17},"end":{"line":23,"column":75}},"9":{"start":{"line":23,"column":39},"end":{"line":23,"column":74}},"10":{"start":{"line":24,"column":16},"end":{"line":24,"column":77}},"11":{"start":{"line":24,"column":42},"end":{"line":24,"column":63}},"12":{"start":{"line":25,"column":2},"end":{"line":25,"column":46}},"13":{"start":{"line":41,"column":24},"end":{"line":41,"column":81}},"14":{"start":{"line":41,"column":46},"end":{"line":41,"column":80}},"15":{"start":{"line":42,"column":17},"end":{"line":42,"column":61}},"16":{"start":{"line":42,"column":43},"end":{"line":42,"column":60}},"17":{"start":{"line":43,"column":18},"end":{"line":43,"column":85}},"18":{"start":{"line":43,"column":44},"end":{"line":43,"column":84}},"19":{"start":{"line":45,"column":22},"end":{"line":45,"column":91}},"20":{"start":{"line":45,"column":68},"end":{"line":45,"column":85}},"21":{"start":{"line":46,"column":22},"end":{"line":46,"column":62}},"22":{"start":{"line":49,"column":27},"end":{"line":49,"column":88}},"23":{"start":{"line":49,"column":53},"end":{"line":49,"column":74}},"24":{"start":{"line":51,"column":28},"end":{"line":51,"column":106}},"25":{"start":{"line":51,"column":71},"end":{"line":51,"column":92}},"26":{"start":{"line":53,"column":2},"end":{"line":61,"column":4}}},"fnMap":{"0":{"name":"applyToAmount","decl":{"start":{"line":16,"column":16},"end":{"line":16,"column":29}},"loc":{"start":{"line":16,"column":60},"end":{"line":20,"column":1}}},"1":{"name":"computeOneTime","decl":{"start":{"line":22,"column":16},"end":{"line":22,"column":30}},"loc":{"start":{"line":22,"column":78},"end":{"line":26,"column":1}}},"2":{"name":"(anonymous_2)","decl":{"start":{"line":23,"column":34},"end":{"line":23,"column":35}},"loc":{"start":{"line":23,"column":39},"end":{"line":23,"column":74}}},"3":{"name":"(anonymous_3)","decl":{"start":{"line":24,"column":30},"end":{"line":24,"column":31}},"loc":{"start":{"line":24,"column":42},"end":{"line":24,"column":63}}},"4":{"name":"computeMonthly","decl":{"start":{"line":36,"column":16},"end":{"line":36,"column":30}},"loc":{"start":{"line":39,"column":20},"end":{"line":62,"column":1}}},"5":{"name":"(anonymous_5)","decl":{"start":{"line":41,"column":41},"end":{"line":41,"column":42}},"loc":{"start":{"line":41,"column":46},"end":{"line":41,"column":80}}},"6":{"name":"(anonymous_6)","decl":{"start":{"line":42,"column":38},"end":{"line":42,"column":39}},"loc":{"start":{"line":42,"column":43},"end":{"line":42,"column":60}}},"7":{"name":"(anonymous_7)","decl":{"start":{"line":43,"column":39},"end":{"line":43,"column":40}},"loc":{"start":{"line":43,"column":44},"end":{"line":43,"column":84}}},"8":{"name":"(anonymous_8)","decl":{"start":{"line":45,"column":63},"end":{"line":45,"column":64}},"loc":{"start":{"line":45,"column":68},"end":{"line":45,"column":85}}},"9":{"name":"(anonymous_9)","decl":{"start":{"line":49,"column":41},"end":{"line":49,"column":42}},"loc":{"start":{"line":49,"column":53},"end":{"line":49,"column":74}}},"10":{"name":"(anonymous_10)","decl":{"start":{"line":51,"column":59},"end":{"line":51,"column":60}},"loc":{"start":{"line":51,"column":71},"end":{"line":51,"column":92}}}},"branchMap":{"0":{"loc":{"start":{"line":17,"column":2},"end":{"line":17,"column":30}},"type":"if","locations":[{"start":{"line":17,"column":2},"end":{"line":17,"column":30}},{"start":{},"end":{}}]},"1":{"loc":{"start":{"line":18,"column":2},"end":{"line":18,"column":62}},"type":"if","locations":[{"start":{"line":18,"column":2},"end":{"line":18,"column":62}},{"start":{},"end":{}}]},"2":{"loc":{"start":{"line":23,"column":39},"end":{"line":23,"column":74}},"type":"binary-expr","locations":[{"start":{"line":23,"column":39},"end":{"line":23,"column":48}},{"start":{"line":23,"column":52},"end":{"line":23,"column":74}}]},"3":{"loc":{"start":{"line":39,"column":2},"end":{"line":39,"column":20}},"type":"default-arg","locations":[{"start":{"line":39,"column":18},"end":{"line":39,"column":20}}]},"4":{"loc":{"start":{"line":41,"column":46},"end":{"line":41,"column":80}},"type":"binary-expr","locations":[{"start":{"line":41,"column":46},"end":{"line":41,"column":55}},{"start":{"line":41,"column":59},"end":{"line":41,"column":80}}]},"5":{"loc":{"start":{"line":43,"column":44},"end":{"line":43,"column":84}},"type":"binary-expr","locations":[{"start":{"line":43,"column":44},"end":{"line":43,"column":60}},{"start":{"line":43,"column":64},"end":{"line":43,"column":84}}]},"6":{"loc":{"start":{"line":45,"column":22},"end":{"line":45,"column":91}},"type":"cond-expr","locations":[{"start":{"line":45,"column":39},"end":{"line":45,"column":87}},{"start":{"line":45,"column":90},"end":{"line":45,"column":91}}]}},"s":{"0":1,"1":1,"2":1,"3":16,"4":0,"5":16,"6":6,"7":10,"8":8,"9":16,"10":8,"11":6,"12":8,"13":8,"14":16,"15":8,"16":9,"17":8,"18":9,"19":8,"20":8,"21":8,"22":8,"23":1,"24":8,"25":9,"26":8},"f":{"0":16,"1":8,"2":16,"3":6,"4":8,"5":16,"6":9,"7":9,"8":8,"9":1,"10":9},"b":{"0":[0,16],"1":[6,10],"2":[16,15],"3":[0],"4":[16,15],"5":[9,8],"6":[8,0]}}
}
