TN:
SF:src\App.tsx
FN:4,(anonymous_1)
FNF:1
FNH:0
FNDA:0,(anonymous_1)
DA:2,0
DA:4,0
DA:5,0
DA:7,0
LF:4
LH:0
BRF:0
BRH:0
end_of_record
TN:
SF:src\components\AddDiscountDialog.tsx
FN:38,AddDiscountDialog
FN:46,(anonymous_2)
FN:57,(anonymous_3)
FN:63,(anonymous_4)
FN:96,(anonymous_5)
FN:133,(anonymous_6)
FN:144,(anonymous_7)
FN:153,(anonymous_8)
FN:160,(anonymous_9)
FNF:9
FNH:9
FNDA:76,AddDiscountDialog
FNDA:10,(anonymous_2)
FNDA:1,(anonymous_3)
FNDA:3,(anonymous_4)
FNDA:4,(anonymous_5)
FNDA:7,(anonymous_6)
FNDA:1,(anonymous_7)
FNDA:30,(anonymous_8)
FNDA:18,(anonymous_9)
DA:2,2
DA:3,2
DA:18,2
DA:21,2
DA:38,2
DA:39,76
DA:40,76
DA:41,76
DA:42,76
DA:43,76
DA:44,76
DA:46,76
DA:47,10
DA:48,5
DA:49,5
DA:50,5
DA:51,5
DA:52,5
DA:53,5
DA:57,76
DA:58,1
DA:59,1
DA:60,1
DA:63,76
DA:64,3
DA:65,3
DA:67,3
DA:81,3
DA:84,76
DA:96,4
DA:133,7
DA:144,1
DA:153,30
DA:160,18
LF:34
LH:34
BRDA:47,0,0,5
BRDA:47,0,1,5
BRDA:65,1,0,0
BRDA:65,1,1,3
BRDA:65,2,0,3
BRDA:65,2,1,3
BRDA:68,3,0,3
BRDA:68,3,1,0
BRDA:72,4,0,2
BRDA:72,4,1,1
BRDA:75,5,0,3
BRDA:75,5,1,2
BRDA:77,6,0,1
BRDA:77,6,1,2
BRDA:77,7,0,3
BRDA:77,7,1,2
BRDA:96,8,0,4
BRDA:96,8,1,3
BRDA:101,9,0,76
BRDA:101,9,1,6
BRDA:108,10,0,76
BRDA:108,10,1,70
BRDA:130,11,0,72
BRDA:130,11,1,4
BRDA:138,12,0,76
BRDA:138,12,1,70
BRF:26
BRH:24
end_of_record
TN:
SF:src\components\DeleteDiscountDialog.tsx
FN:19,(anonymous_1)
FNF:1
FNH:1
FNDA:13,(anonymous_1)
DA:1,2
DA:10,2
DA:11,2
DA:19,2
DA:20,13
DA:51,2
LF:6
LH:6
BRF:0
BRH:0
end_of_record
TN:
SF:src\components\EditDiscountDialog.tsx
FN:48,EditDiscountDialog
FN:62,(anonymous_1)
FN:77,(anonymous_2)
FN:86,(anonymous_3)
FN:119,(anonymous_4)
FN:157,(anonymous_5)
FN:168,(anonymous_6)
FN:177,(anonymous_7)
FN:184,(anonymous_8)
FNF:9
FNH:9
FNDA:63,EditDiscountDialog
FNDA:9,(anonymous_1)
FNDA:1,(anonymous_2)
FNDA:3,(anonymous_3)
FNDA:2,(anonymous_4)
FNDA:4,(anonymous_5)
FNDA:2,(anonymous_6)
FNDA:21,(anonymous_7)
FNDA:16,(anonymous_8)
DA:2,2
DA:3,2
DA:19,2
DA:20,2
DA:48,2
DA:54,63
DA:55,63
DA:56,63
DA:57,63
DA:58,63
DA:59,63
DA:62,63
DA:63,9
DA:64,4
DA:65,4
DA:66,4
DA:67,4
DA:72,4
DA:73,4
DA:77,63
DA:78,1
DA:80,1
DA:81,1
DA:82,1
DA:83,1
DA:86,63
DA:87,3
DA:88,3
DA:90,3
DA:104,3
DA:107,63
DA:119,2
DA:157,4
DA:168,2
DA:177,21
DA:184,16
LF:36
LH:36
BRDA:63,0,0,4
BRDA:63,0,1,5
BRDA:63,1,0,9
BRDA:63,1,1,4
BRDA:68,2,0,3
BRDA:68,2,1,1
BRDA:72,3,0,3
BRDA:72,3,1,1
BRDA:73,4,0,4
BRDA:73,4,1,1
BRDA:80,5,0,1
BRDA:80,5,1,0
BRDA:81,6,0,0
BRDA:81,6,1,1
BRDA:83,7,0,1
BRDA:83,7,1,0
BRDA:88,8,0,0
BRDA:88,8,1,3
BRDA:88,9,0,3
BRDA:88,9,1,3
BRDA:91,10,0,3
BRDA:91,10,1,0
BRDA:95,11,0,1
BRDA:95,11,1,2
BRDA:98,12,0,3
BRDA:98,12,1,1
BRDA:100,13,0,1
BRDA:100,13,1,2
BRDA:100,14,0,3
BRDA:100,14,1,1
BRDA:119,15,0,2
BRDA:119,15,1,1
BRDA:124,16,0,63
BRDA:124,16,1,24
BRDA:131,17,0,63
BRDA:131,17,1,39
BRDA:154,18,0,40
BRDA:154,18,1,23
BRDA:162,19,0,63
BRDA:162,19,1,39
BRF:40
BRH:35
end_of_record
TN:
SF:src\components\SalesCartContainer.tsx
FN:34,(anonymous_1)
FN:36,(anonymous_2)
FN:60,(anonymous_3)
FN:61,(anonymous_4)
FN:62,(anonymous_5)
FN:73,(anonymous_6)
FN:79,(anonymous_7)
FN:80,(anonymous_8)
FN:83,(anonymous_9)
FN:84,(anonymous_10)
FN:86,(anonymous_11)
FN:87,(anonymous_12)
FN:106,(anonymous_13)
FN:107,(anonymous_14)
FN:108,(anonymous_15)
FN:110,(anonymous_16)
FN:110,(anonymous_17)
FN:115,(anonymous_18)
FN:116,(anonymous_19)
FN:116,(anonymous_20)
FN:121,(anonymous_21)
FN:126,(anonymous_22)
FN:131,(anonymous_23)
FN:168,(anonymous_24)
FN:182,(anonymous_25)
FN:188,(anonymous_26)
FN:195,(anonymous_27)
FN:245,(anonymous_28)
FN:246,(anonymous_29)
FN:271,(anonymous_30)
FNF:30
FNH:27
FNDA:63,(anonymous_1)
FNDA:11,(anonymous_2)
FNDA:1,(anonymous_3)
FNDA:0,(anonymous_4)
FNDA:1,(anonymous_5)
FNDA:1,(anonymous_6)
FNDA:1,(anonymous_7)
FNDA:1,(anonymous_8)
FNDA:0,(anonymous_9)
FNDA:1,(anonymous_10)
FNDA:1,(anonymous_11)
FNDA:2,(anonymous_12)
FNDA:1,(anonymous_13)
FNDA:0,(anonymous_14)
FNDA:1,(anonymous_15)
FNDA:1,(anonymous_16)
FNDA:2,(anonymous_17)
FNDA:1,(anonymous_18)
FNDA:1,(anonymous_19)
FNDA:2,(anonymous_20)
FNDA:8,(anonymous_21)
FNDA:8,(anonymous_22)
FNDA:22,(anonymous_23)
FNDA:22,(anonymous_24)
FNDA:1,(anonymous_25)
FNDA:1,(anonymous_26)
FNDA:1,(anonymous_27)
FNDA:22,(anonymous_28)
FNDA:12,(anonymous_29)
FNDA:9,(anonymous_30)
DA:1,1
DA:2,1
DA:3,1
DA:4,1
DA:5,1
DA:6,1
DA:7,1
DA:8,1
DA:9,1
DA:10,1
DA:12,1
DA:16,1
DA:19,1
DA:21,1
DA:23,1
DA:24,1
DA:27,1
DA:28,1
DA:30,1
DA:34,63
DA:36,1
DA:38,11
DA:59,11
DA:60,11
DA:61,11
DA:62,11
DA:63,1
DA:73,1
DA:74,1
DA:78,11
DA:79,11
DA:80,1
DA:81,1
DA:83,11
DA:84,11
DA:85,1
DA:86,1
DA:87,1
DA:88,2
DA:101,1
DA:105,11
DA:106,11
DA:107,11
DA:108,11
DA:109,1
DA:110,2
DA:111,1
DA:115,11
DA:116,2
DA:120,11
DA:121,8
DA:125,11
DA:126,8
DA:131,11
DA:133,22
DA:135,22
DA:140,22
DA:143,11
DA:169,22
DA:182,1
DA:188,1
DA:195,1
DA:245,22
DA:247,12
DA:272,9
DA:333,1
LF:66
LH:66
BRDA:70,0,0,1
BRDA:70,0,1,0
BRDA:81,1,0,1
BRDA:81,1,1,0
BRDA:85,2,0,0
BRDA:85,2,1,1
BRDA:88,3,0,1
BRDA:88,3,1,1
BRDA:95,4,0,0
BRDA:95,4,1,1
BRDA:109,5,0,0
BRDA:109,5,1,1
BRDA:116,6,0,1
BRDA:116,6,1,1
BRDA:133,7,0,10
BRDA:133,7,1,12
BRDA:135,8,0,10
BRDA:135,8,1,12
BRDA:137,9,0,11
BRDA:137,9,1,1
BRDA:225,10,0,11
BRDA:225,10,1,0
BRDA:245,11,0,22
BRDA:245,11,1,21
BRDA:250,12,0,11
BRDA:250,12,1,1
BRDA:255,13,0,0
BRDA:255,13,1,12
BRDA:274,14,0,9
BRDA:274,14,1,0
BRDA:279,15,0,9
BRDA:279,15,1,0
BRDA:308,16,0,1
BRDA:308,16,1,10
BRF:34
BRH:25
end_of_record
TN:
SF:src\utils\pricing.ts
FN:16,applyToAmount
FN:22,computeOneTime
FN:23,(anonymous_2)
FN:24,(anonymous_3)
FN:36,computeMonthly
FN:41,(anonymous_5)
FN:42,(anonymous_6)
FN:43,(anonymous_7)
FN:45,(anonymous_8)
FN:49,(anonymous_9)
FN:51,(anonymous_10)
FNF:11
FNH:11
FNDA:16,applyToAmount
FNDA:8,computeOneTime
FNDA:16,(anonymous_2)
FNDA:6,(anonymous_3)
FNDA:8,computeMonthly
FNDA:16,(anonymous_5)
FNDA:9,(anonymous_6)
FNDA:9,(anonymous_7)
FNDA:8,(anonymous_8)
FNDA:1,(anonymous_9)
FNDA:9,(anonymous_10)
DA:16,1
DA:17,16
DA:18,16
DA:19,10
DA:22,1
DA:23,16
DA:24,8
DA:25,8
DA:36,1
DA:41,16
DA:42,9
DA:43,9
DA:45,8
DA:46,8
DA:49,8
DA:51,9
DA:53,8
LF:17
LH:17
BRDA:17,0,0,0
BRDA:17,0,1,16
BRDA:18,1,0,6
BRDA:18,1,1,10
BRDA:23,2,0,16
BRDA:23,2,1,15
BRDA:39,3,0,0
BRDA:41,4,0,16
BRDA:41,4,1,15
BRDA:43,5,0,9
BRDA:43,5,1,8
BRDA:45,6,0,8
BRDA:45,6,1,0
BRF:13
BRH:10
end_of_record
